==19202== Memcheck, a memory error detector
==19202== Copyright (C) 2002-2017, and GNU GPL'd, by Julian Seward et al.
==19202== Using Valgrind-3.15.0 and LibVEX; rerun with -h for copyright info
==19202== Command: ./main
==19202== Parent PID: 2391
==19202== 
==19202== Invalid write of size 4
==19202==    at 0x109602: InitProtocol (in /mnt/d/Code/SmokeDetectorProtocol/build/main)
==19202==    by 0x10A566: main (in /mnt/d/Code/SmokeDetectorProtocol/build/main)
==19202==  Address 0x4a551bc is 0 bytes after a block of size 156 alloc'd
==19202==    at 0x483B7F3: malloc (in /usr/lib/x86_64-linux-gnu/valgrind/vgpreload_memcheck-amd64-linux.so)
==19202==    by 0x1093FC: InitProtocol (in /mnt/d/Code/SmokeDetectorProtocol/build/main)
==19202==    by 0x10A566: main (in /mnt/d/Code/SmokeDetectorProtocol/build/main)
==19202== 
==19202== Invalid write of size 4
==19202==    at 0x109615: InitProtocol (in /mnt/d/Code/SmokeDetectorProtocol/build/main)
==19202==    by 0x10A566: main (in /mnt/d/Code/SmokeDetectorProtocol/build/main)
==19202==  Address 0x4a551c0 is 4 bytes after a block of size 156 alloc'd
==19202==    at 0x483B7F3: malloc (in /usr/lib/x86_64-linux-gnu/valgrind/vgpreload_memcheck-amd64-linux.so)
==19202==    by 0x1093FC: InitProtocol (in /mnt/d/Code/SmokeDetectorProtocol/build/main)
==19202==    by 0x10A566: main (in /mnt/d/Code/SmokeDetectorProtocol/build/main)
==19202== 
==19202== Invalid write of size 4
==19202==    at 0x109628: InitProtocol (in /mnt/d/Code/SmokeDetectorProtocol/build/main)
==19202==    by 0x10A566: main (in /mnt/d/Code/SmokeDetectorProtocol/build/main)
==19202==  Address 0x4a551c4 is 8 bytes after a block of size 156 alloc'd
==19202==    at 0x483B7F3: malloc (in /usr/lib/x86_64-linux-gnu/valgrind/vgpreload_memcheck-amd64-linux.so)
==19202==    by 0x1093FC: InitProtocol (in /mnt/d/Code/SmokeDetectorProtocol/build/main)
==19202==    by 0x10A566: main (in /mnt/d/Code/SmokeDetectorProtocol/build/main)
==19202== 
==19202== 
==19202== HEAP SUMMARY:
==19202==     in use at exit: 1,248 bytes in 3 blocks
==19202==   total heap usage: 50,017 allocs, 50,014 frees, 15,065,306 bytes allocated
==19202== 
==19202== 156 bytes in 1 blocks are still reachable in loss record 1 of 3
==19202==    at 0x483B7F3: malloc (in /usr/lib/x86_64-linux-gnu/valgrind/vgpreload_memcheck-amd64-linux.so)
==19202==    by 0x1092EF: InitProtocol (in /mnt/d/Code/SmokeDetectorProtocol/build/main)
==19202==    by 0x10A566: main (in /mnt/d/Code/SmokeDetectorProtocol/build/main)
==19202== 
==19202== 156 bytes in 1 blocks are still reachable in loss record 2 of 3
==19202==    at 0x483B7F3: malloc (in /usr/lib/x86_64-linux-gnu/valgrind/vgpreload_memcheck-amd64-linux.so)
==19202==    by 0x1093FC: InitProtocol (in /mnt/d/Code/SmokeDetectorProtocol/build/main)
==19202==    by 0x10A566: main (in /mnt/d/Code/SmokeDetectorProtocol/build/main)
==19202== 
==19202== 936 bytes in 1 blocks are still reachable in loss record 3 of 3
==19202==    at 0x483B7F3: malloc (in /usr/lib/x86_64-linux-gnu/valgrind/vgpreload_memcheck-amd64-linux.so)
==19202==    by 0x10964B: InitProtocol (in /mnt/d/Code/SmokeDetectorProtocol/build/main)
==19202==    by 0x10A566: main (in /mnt/d/Code/SmokeDetectorProtocol/build/main)
==19202== 
==19202== LEAK SUMMARY:
==19202==    definitely lost: 0 bytes in 0 blocks
==19202==    indirectly lost: 0 bytes in 0 blocks
==19202==      possibly lost: 0 bytes in 0 blocks
==19202==    still reachable: 1,248 bytes in 3 blocks
==19202==         suppressed: 0 bytes in 0 blocks
==19202== 
==19202== For lists of detected and suppressed errors, rerun with: -s
==19202== ERROR SUMMARY: 3 errors from 3 contexts (suppressed: 0 from 0)
